2021-11-14 00:30:05,648  INFO [main] WebDriverManager:964 - Using chromedriver 95.0.4638.69 (resolved driver for Chrome 95)
2021-11-14 00:30:05,666  INFO [main] WebDriverManager:1290 - Reading https://chromedriver.storage.googleapis.com/ to seek chromedriver
2021-11-14 00:30:06,399  INFO [main] Downloader:127 - Downloading https://chromedriver.storage.googleapis.com/95.0.4638.69/chromedriver_win32.zip
2021-11-14 00:30:07,151  INFO [main] Downloader:188 - Extracting driver from compressed file chromedriver_win32.zip
2021-11-14 00:30:07,234  INFO [main] WebDriverManager:1019 - Exporting webdriver.chrome.driver as C:\Users\R K Tyagi\.cache\selenium\chromedriver\win32\95.0.4638.69\chromedriver.exe
2021-11-14 00:39:54,938  INFO [main] WebDriverManager:964 - Using chromedriver 95.0.4638.69 (resolved driver for Chrome 95)
2021-11-14 00:39:54,952  INFO [main] WebDriverManager:1019 - Exporting webdriver.chrome.driver as C:\Users\R K Tyagi\.cache\selenium\chromedriver\win32\95.0.4638.69\chromedriver.exe
2021-11-14 00:51:44,697  INFO [main] WebDriverManager:964 - Using chromedriver 95.0.4638.69 (resolved driver for Chrome 95)
2021-11-14 00:51:44,710  INFO [main] WebDriverManager:1019 - Exporting webdriver.chrome.driver as C:\Users\R K Tyagi\.cache\selenium\chromedriver\win32\95.0.4638.69\chromedriver.exe
2021-11-14 00:53:37,905  INFO [main] WebDriverManager:964 - Using chromedriver 95.0.4638.69 (resolved driver for Chrome 95)
2021-11-14 00:53:37,923  INFO [main] WebDriverManager:1019 - Exporting webdriver.chrome.driver as C:\Users\R K Tyagi\.cache\selenium\chromedriver\win32\95.0.4638.69\chromedriver.exe
2021-11-14 01:04:05,782  INFO [main] WebDriverManager:964 - Using chromedriver 95.0.4638.69 (resolved driver for Chrome 95)
2021-11-14 01:04:05,798  INFO [main] WebDriverManager:1019 - Exporting webdriver.chrome.driver as C:\Users\R K Tyagi\.cache\selenium\chromedriver\win32\95.0.4638.69\chromedriver.exe
2021-11-14 01:05:55,758  INFO [main] WebDriverManager:964 - Using chromedriver 95.0.4638.69 (resolved driver for Chrome 95)
2021-11-14 01:05:55,775  INFO [main] WebDriverManager:1019 - Exporting webdriver.chrome.driver as C:\Users\R K Tyagi\.cache\selenium\chromedriver\win32\95.0.4638.69\chromedriver.exe
2021-11-14 01:30:19,001  INFO [main] WebDriverManager:964 - Using chromedriver 95.0.4638.69 (resolved driver for Chrome 95)
2021-11-14 01:30:19,020  INFO [main] WebDriverManager:1019 - Exporting webdriver.chrome.driver as C:\Users\R K Tyagi\.cache\selenium\chromedriver\win32\95.0.4638.69\chromedriver.exe
2021-11-14 03:33:38,029  INFO [main] WebDriverManager:964 - Using chromedriver 95.0.4638.69 (resolved driver for Chrome 95)
2021-11-14 03:33:38,042  INFO [main] WebDriverManager:1019 - Exporting webdriver.chrome.driver as C:\Users\R K Tyagi\.cache\selenium\chromedriver\win32\95.0.4638.69\chromedriver.exe
2021-11-14 03:35:04,254  INFO [main] WebDriverManager:964 - Using chromedriver 95.0.4638.69 (resolved driver for Chrome 95)
2021-11-14 03:35:04,267  INFO [main] WebDriverManager:1019 - Exporting webdriver.chrome.driver as C:\Users\R K Tyagi\.cache\selenium\chromedriver\win32\95.0.4638.69\chromedriver.exe
2021-11-14 03:41:46,145  INFO [main] WebDriverManager:964 - Using chromedriver 95.0.4638.69 (resolved driver for Chrome 95)
2021-11-14 03:41:46,161  INFO [main] WebDriverManager:1019 - Exporting webdriver.chrome.driver as C:\Users\R K Tyagi\.cache\selenium\chromedriver\win32\95.0.4638.69\chromedriver.exe
2021-11-14 03:48:14,788  INFO [main] WebDriverManager:964 - Using chromedriver 95.0.4638.69 (resolved driver for Chrome 95)
2021-11-14 03:48:14,804  INFO [main] WebDriverManager:1019 - Exporting webdriver.chrome.driver as C:\Users\R K Tyagi\.cache\selenium\chromedriver\win32\95.0.4638.69\chromedriver.exe
2021-11-14 03:55:36,040  INFO [main] WebDriverManager:964 - Using chromedriver 95.0.4638.69 (resolved driver for Chrome 95)
2021-11-14 03:55:36,052  INFO [main] WebDriverManager:1019 - Exporting webdriver.chrome.driver as C:\Users\R K Tyagi\.cache\selenium\chromedriver\win32\95.0.4638.69\chromedriver.exe
2021-11-14 04:14:45,131  INFO [main] WebDriverManager:964 - Using chromedriver 95.0.4638.69 (resolved driver for Chrome 95)
2021-11-14 04:14:45,142  INFO [main] WebDriverManager:1019 - Exporting webdriver.chrome.driver as C:\Users\R K Tyagi\.cache\selenium\chromedriver\win32\95.0.4638.69\chromedriver.exe
2021-11-14 04:25:21,269  INFO [main] WebDriverManager:964 - Using chromedriver 95.0.4638.69 (resolved driver for Chrome 95)
2021-11-14 04:25:21,284  INFO [main] WebDriverManager:1019 - Exporting webdriver.chrome.driver as C:\Users\R K Tyagi\.cache\selenium\chromedriver\win32\95.0.4638.69\chromedriver.exe
2021-11-14 04:26:46,422  INFO [main] WebDriverManager:964 - Using chromedriver 95.0.4638.69 (resolved driver for Chrome 95)
2021-11-14 04:26:46,434  INFO [main] WebDriverManager:1019 - Exporting webdriver.chrome.driver as C:\Users\R K Tyagi\.cache\selenium\chromedriver\win32\95.0.4638.69\chromedriver.exe
2021-11-14 04:28:16,006  INFO [main] WebDriverManager:964 - Using chromedriver 95.0.4638.69 (resolved driver for Chrome 95)
2021-11-14 04:28:16,025  INFO [main] WebDriverManager:1019 - Exporting webdriver.chrome.driver as C:\Users\R K Tyagi\.cache\selenium\chromedriver\win32\95.0.4638.69\chromedriver.exe
2021-11-14 04:30:10,878  INFO [main] WebDriverManager:964 - Using chromedriver 95.0.4638.69 (resolved driver for Chrome 95)
2021-11-14 04:30:10,894  INFO [main] WebDriverManager:1019 - Exporting webdriver.chrome.driver as C:\Users\R K Tyagi\.cache\selenium\chromedriver\win32\95.0.4638.69\chromedriver.exe
2021-11-14 04:34:55,140  INFO [main] WebDriverManager:964 - Using chromedriver 95.0.4638.69 (resolved driver for Chrome 95)
2021-11-14 04:34:55,152  INFO [main] WebDriverManager:1019 - Exporting webdriver.chrome.driver as C:\Users\R K Tyagi\.cache\selenium\chromedriver\win32\95.0.4638.69\chromedriver.exe
2021-11-14 04:38:21,270  INFO [main] WebDriverManager:964 - Using chromedriver 95.0.4638.69 (resolved driver for Chrome 95)
2021-11-14 04:38:21,286  INFO [main] WebDriverManager:1019 - Exporting webdriver.chrome.driver as C:\Users\R K Tyagi\.cache\selenium\chromedriver\win32\95.0.4638.69\chromedriver.exe
2021-11-14 04:39:00,306  INFO [main] WebDriverManager:964 - Using chromedriver 95.0.4638.69 (resolved driver for Chrome 95)
2021-11-14 04:39:00,319  INFO [main] WebDriverManager:1019 - Exporting webdriver.chrome.driver as C:\Users\R K Tyagi\.cache\selenium\chromedriver\win32\95.0.4638.69\chromedriver.exe
2021-11-14 04:39:39,660  INFO [main] WebDriverManager:964 - Using chromedriver 95.0.4638.69 (resolved driver for Chrome 95)
2021-11-14 04:39:39,675  INFO [main] WebDriverManager:1019 - Exporting webdriver.chrome.driver as C:\Users\R K Tyagi\.cache\selenium\chromedriver\win32\95.0.4638.69\chromedriver.exe
2021-11-14 04:41:45,624  INFO [main] WebDriverManager:964 - Using chromedriver 95.0.4638.69 (resolved driver for Chrome 95)
2021-11-14 04:41:45,639  INFO [main] WebDriverManager:1019 - Exporting webdriver.chrome.driver as C:\Users\R K Tyagi\.cache\selenium\chromedriver\win32\95.0.4638.69\chromedriver.exe
2021-11-14 05:17:02,316  INFO [main] WebDriverManager:964 - Using chromedriver 95.0.4638.69 (resolved driver for Chrome 95)
2021-11-14 05:17:02,331  INFO [main] WebDriverManager:1019 - Exporting webdriver.chrome.driver as C:\Users\R K Tyagi\.cache\selenium\chromedriver\win32\95.0.4638.69\chromedriver.exe
2021-11-14 05:23:30,612  INFO [main] WebDriverManager:964 - Using chromedriver 95.0.4638.69 (resolved driver for Chrome 95)
2021-11-14 05:23:30,625  INFO [main] WebDriverManager:1019 - Exporting webdriver.chrome.driver as C:\Users\R K Tyagi\.cache\selenium\chromedriver\win32\95.0.4638.69\chromedriver.exe
2021-11-14 05:33:21,792  INFO [main] WebDriverManager:964 - Using chromedriver 95.0.4638.69 (resolved driver for Chrome 95)
2021-11-14 05:33:21,806  INFO [main] WebDriverManager:1019 - Exporting webdriver.chrome.driver as C:\Users\R K Tyagi\.cache\selenium\chromedriver\win32\95.0.4638.69\chromedriver.exe
2021-11-14 05:35:20,933  INFO [main] WebDriverManager:964 - Using chromedriver 95.0.4638.69 (resolved driver for Chrome 95)
2021-11-14 05:35:20,951  INFO [main] WebDriverManager:1019 - Exporting webdriver.chrome.driver as C:\Users\R K Tyagi\.cache\selenium\chromedriver\win32\95.0.4638.69\chromedriver.exe
2021-11-14 05:36:31,541  INFO [main] WebDriverManager:964 - Using chromedriver 95.0.4638.69 (resolved driver for Chrome 95)
2021-11-14 05:36:31,557  INFO [main] WebDriverManager:1019 - Exporting webdriver.chrome.driver as C:\Users\R K Tyagi\.cache\selenium\chromedriver\win32\95.0.4638.69\chromedriver.exe
2021-11-14 05:38:18,363  INFO [main] WebDriverManager:964 - Using chromedriver 95.0.4638.69 (resolved driver for Chrome 95)
2021-11-14 05:38:18,380  INFO [main] WebDriverManager:1019 - Exporting webdriver.chrome.driver as C:\Users\R K Tyagi\.cache\selenium\chromedriver\win32\95.0.4638.69\chromedriver.exe
2021-11-14 05:39:08,830  INFO [main] WebDriverManager:964 - Using chromedriver 95.0.4638.69 (resolved driver for Chrome 95)
2021-11-14 05:39:08,845  INFO [main] WebDriverManager:1019 - Exporting webdriver.chrome.driver as C:\Users\R K Tyagi\.cache\selenium\chromedriver\win32\95.0.4638.69\chromedriver.exe
2021-11-14 05:39:46,092  INFO [main] WebDriverManager:964 - Using chromedriver 95.0.4638.69 (resolved driver for Chrome 95)
2021-11-14 05:39:46,108  INFO [main] WebDriverManager:1019 - Exporting webdriver.chrome.driver as C:\Users\R K Tyagi\.cache\selenium\chromedriver\win32\95.0.4638.69\chromedriver.exe
2021-11-14 05:42:43,958  INFO [main] WebDriverManager:964 - Using chromedriver 95.0.4638.69 (resolved driver for Chrome 95)
2021-11-14 05:42:43,974  INFO [main] WebDriverManager:1019 - Exporting webdriver.chrome.driver as C:\Users\R K Tyagi\.cache\selenium\chromedriver\win32\95.0.4638.69\chromedriver.exe
2021-11-14 05:45:14,789  INFO [main] WebDriverManager:964 - Using chromedriver 95.0.4638.69 (resolved driver for Chrome 95)
2021-11-14 05:45:14,805  INFO [main] WebDriverManager:1019 - Exporting webdriver.chrome.driver as C:\Users\R K Tyagi\.cache\selenium\chromedriver\win32\95.0.4638.69\chromedriver.exe
